<?xml version="1.0" encoding="utf-8" standalone="no"?>
<!--This file represents the results of running a test suite-->
<test-results name="C:\Users\Heidy\Desktop\FerretinSoft2\pe.edu.pucp.ferretin.tdd\pe.edu.pucp.ferretin.tdd.csproj" total="1" errors="0" failures="0" not-run="0" inconclusive="0" ignored="0" skipped="0" invalid="0" date="2013-11-28" time="10:18:46">
  <environment nunit-version="2.6.3.13283" clr-version="2.0.50727.6400" os-version="Microsoft Windows NT 6.2.9200.0" platform="Win32NT" cwd="C:\Program Files (x86)\NUnit 2.6.3\bin" machine-name="FLORIDA" user="Heidy" user-domain="FLORIDA" />
  <culture-info current-culture="en-US" current-uiculture="en-US" />
  <test-suite type="Project" name="C:\Users\Heidy\Desktop\FerretinSoft2\pe.edu.pucp.ferretin.tdd\pe.edu.pucp.ferretin.tdd.csproj" executed="True" result="Success" success="True" time="0.154" asserts="0">
    <results>
      <test-suite type="Assembly" name="C:\Users\Heidy\Desktop\FerretinSoft2\pe.edu.pucp.ferretin.tdd\bin\Debug\pe.edu.pucp.ferretin.tdd.dll" executed="True" result="Success" success="True" time="0.154" asserts="0">
        <results>
          <test-suite type="Namespace" name="pe" executed="True" result="Success" success="True" time="0.154" asserts="0">
            <results>
              <test-suite type="Namespace" name="edu" executed="True" result="Success" success="True" time="0.154" asserts="0">
                <results>
                  <test-suite type="Namespace" name="pucp" executed="True" result="Success" success="True" time="0.153" asserts="0">
                    <results>
                      <test-suite type="Namespace" name="ferretin" executed="True" result="Success" success="True" time="0.153" asserts="0">
                        <results>
                          <test-suite type="Namespace" name="tdd" executed="True" result="Success" success="True" time="0.153" asserts="0">
                            <results>
                              <test-suite type="Namespace" name="MAlmacen" executed="True" result="Success" success="True" time="0.153" asserts="0">
                                <results>
                                  <test-suite type="TestFixture" name="MA_SolicitudAbastecimientoTest" executed="True" result="Success" success="True" time="0.152" asserts="0">
                                    <results>
                                      <test-suite type="ParameterizedTest" name="VerificarCantidades" executed="True" result="Success" success="True" time="0.152" asserts="0">
                                        <results>
                                          <test-case name="pe.edu.pucp.ferretin.tdd.MAlmacen.MA_SolicitudAbastecimientoTest.VerificarCantidades()" executed="True" result="Success" success="True" time="0.151" asserts="47" />
                                        </results>
                                      </test-suite>
                                    </results>
                                  </test-suite>
                                </results>
                              </test-suite>
                            </results>
                          </test-suite>
                        </results>
                      </test-suite>
                    </results>
                  </test-suite>
                </results>
              </test-suite>
            </results>
          </test-suite>
        </results>
      </test-suite>
    </results>
  </test-suite>
</test-results>